0 info it worked if it ends with ok
1 verbose cli [ 'E:\\WEB\\FFFFF\\nodeJS\\node.exe',
1 verbose cli   'E:\\WEB\\FFFFF\\nodeJS\\node_modules\\npm\\bin\\npm-cli.js',
1 verbose cli   'i',
1 verbose cli   '--registry',
1 verbose cli   'http://registry.cnpmjs.org',
1 verbose cli   'https://github.com/tongjinle/marsQuestion.gils' ]
2 info using npm@3.10.8
3 info using node@v6.9.1
4 silly loadCurrentTree Starting
5 silly install loadCurrentTree
6 silly install readLocalPackageData
7 silly fetchPackageMetaData https://github.com/tongjinle/marsQuestion.gils
8 silly fetchOtherPackageData https://github.com/tongjinle/marsQuestion.gils
9 silly cache add args [ 'https://github.com/tongjinle/marsQuestion.gils', null ]
10 verbose cache add spec https://github.com/tongjinle/marsQuestion.gils
11 silly cache add parsed spec Result {
11 silly cache add   raw: 'https://github.com/tongjinle/marsQuestion.gils',
11 silly cache add   scope: null,
11 silly cache add   escapedName: null,
11 silly cache add   name: null,
11 silly cache add   rawSpec: 'https://github.com/tongjinle/marsQuestion.gils',
11 silly cache add   spec: 'git+https://github.com/tongjinle/marsQuestion.gils.git',
11 silly cache add   type: 'hosted',
11 silly cache add   hosted:
11 silly cache add    { type: 'github',
11 silly cache add      ssh: 'git@github.com:tongjinle/marsQuestion.gils.git',
11 silly cache add      sshUrl: 'git+ssh://git@github.com/tongjinle/marsQuestion.gils.git',
11 silly cache add      httpsUrl: 'git+https://github.com/tongjinle/marsQuestion.gils.git',
11 silly cache add      gitUrl: 'git://github.com/tongjinle/marsQuestion.gils.git',
11 silly cache add      shortcut: 'github:tongjinle/marsQuestion.gils',
11 silly cache add      directUrl: 'https://raw.githubusercontent.com/tongjinle/marsQuestion.gils/master/package.json' } }
12 verbose addRemoteGit caching https://github.com/tongjinle/marsQuestion.gils
13 verbose addRemoteGit git+https://github.com/tongjinle/marsQuestion.gils.git is a repository hosted by github
14 silly tryClone cloning git+https://github.com/tongjinle/marsQuestion.gils.git via git+https://github.com/tongjinle/marsQuestion.gils.git
15 verbose tryClone git-https-github-com-tongjinle-marsQuestion-gils-git-097a17cf not in flight; caching
16 verbose correctMkdir C:\Users\Administrator\AppData\Roaming\npm-cache\_git-remotes correctMkdir not in flight; initializing
17 info git [ 'clone',
17 info git   '--template=C:\\Users\\Administrator\\AppData\\Roaming\\npm-cache\\_git-remotes\\_templates',
17 info git   '--mirror',
17 info git   'https://github.com/tongjinle/marsQuestion.gils.git',
17 info git   'C:\\Users\\Administrator\\AppData\\Roaming\\npm-cache\\_git-remotes\\git-https-github-com-tongjinle-marsQuestion-gils-git-097a17cf' ]
18 error git clone --template=C:\Users\Administrator\AppData\Roaming\npm-cache\_git-remotes\_templates --mirror https://github.com/tongjinle/marsQuestion.gils.git C:\Users\Administrator\AppData\Roaming\npm-cache\_git-remotes\git-https-github-com-tongjinle-marsQuestion-gils-git-097a17cf: Cloning into bare repository 'C:\Users\Administrator\AppData\Roaming\npm-cache\_git-remotes\git-https-github-com-tongjinle-marsQuestion-gils-git-097a17cf'...
18 error git clone --template=C:\Users\Administrator\AppData\Roaming\npm-cache\_git-remotes\_templates --mirror https://github.com/tongjinle/marsQuestion.gils.git C:\Users\Administrator\AppData\Roaming\npm-cache\_git-remotes\git-https-github-com-tongjinle-marsQuestion-gils-git-097a17cf: remote: Invalid username or password.
18 error git clone --template=C:\Users\Administrator\AppData\Roaming\npm-cache\_git-remotes\_templates --mirror https://github.com/tongjinle/marsQuestion.gils.git C:\Users\Administrator\AppData\Roaming\npm-cache\_git-remotes\git-https-github-com-tongjinle-marsQuestion-gils-git-097a17cf: fatal: Authentication failed for 'https://github.com/tongjinle/marsQuestion.gils.git/'
19 silly fetchPackageMetaData Error: Command failed: git -c core.longpaths=true clone --template=C:\Users\Administrator\AppData\Roaming\npm-cache\_git-remotes\_templates --mirror https://github.com/tongjinle/marsQuestion.gils.git C:\Users\Administrator\AppData\Roaming\npm-cache\_git-remotes\git-https-github-com-tongjinle-marsQuestion-gils-git-097a17cf
19 silly fetchPackageMetaData Cloning into bare repository 'C:\Users\Administrator\AppData\Roaming\npm-cache\_git-remotes\git-https-github-com-tongjinle-marsQuestion-gils-git-097a17cf'...
19 silly fetchPackageMetaData remote: Invalid username or password.
19 silly fetchPackageMetaData fatal: Authentication failed for 'https://github.com/tongjinle/marsQuestion.gils.git/'
19 silly fetchPackageMetaData
19 silly fetchPackageMetaData     at ChildProcess.exithandler (child_process.js:206:12)
19 silly fetchPackageMetaData     at emitTwo (events.js:106:13)
19 silly fetchPackageMetaData     at ChildProcess.emit (events.js:191:7)
19 silly fetchPackageMetaData     at maybeClose (internal/child_process.js:877:16)
19 silly fetchPackageMetaData     at Socket.<anonymous> (internal/child_process.js:334:11)
19 silly fetchPackageMetaData     at emitOne (events.js:96:13)
19 silly fetchPackageMetaData     at Socket.emit (events.js:188:7)
19 silly fetchPackageMetaData     at Pipe._handle.close [as _onclose] (net.js:498:12)
19 silly fetchPackageMetaData  error for https://github.com/tongjinle/marsQuestion.gils { Error: Command failed: git -c core.longpaths=true clone --template=C:\Users\Administrator\AppData\Roaming\npm-cache\_git-remotes\_templates --mirror https://github.com/tongjinle/marsQuestion.gils.git C:\Users\Administrator\AppData\Roaming\npm-cache\_git-remotes\git-https-github-com-tongjinle-marsQuestion-gils-git-097a17cf
19 silly fetchPackageMetaData Cloning into bare repository 'C:\Users\Administrator\AppData\Roaming\npm-cache\_git-remotes\git-https-github-com-tongjinle-marsQuestion-gils-git-097a17cf'...
19 silly fetchPackageMetaData remote: Invalid username or password.
19 silly fetchPackageMetaData fatal: Authentication failed for 'https://github.com/tongjinle/marsQuestion.gils.git/'
19 silly fetchPackageMetaData
19 silly fetchPackageMetaData     at ChildProcess.exithandler (child_process.js:206:12)
19 silly fetchPackageMetaData     at emitTwo (events.js:106:13)
19 silly fetchPackageMetaData     at ChildProcess.emit (events.js:191:7)
19 silly fetchPackageMetaData     at maybeClose (internal/child_process.js:877:16)
19 silly fetchPackageMetaData     at Socket.<anonymous> (internal/child_process.js:334:11)
19 silly fetchPackageMetaData     at emitOne (events.js:96:13)
19 silly fetchPackageMetaData     at Socket.emit (events.js:188:7)
19 silly fetchPackageMetaData     at Pipe._handle.close [as _onclose] (net.js:498:12)
19 silly fetchPackageMetaData   killed: false,
19 silly fetchPackageMetaData   code: 128,
19 silly fetchPackageMetaData   signal: null,
19 silly fetchPackageMetaData   cmd: 'git -c core.longpaths=true clone --template=C:\\Users\\Administrator\\AppData\\Roaming\\npm-cache\\_git-remotes\\_templates --mirror https://github.com/tongjinle/marsQuestion.gils.git C:\\Users\\Administrator\\AppData\\Roaming\\npm-cache\\_git-remotes\\git-https-github-com-tongjinle-marsQuestion-gils-git-097a17cf' }
20 silly rollbackFailedOptional Starting
21 silly rollbackFailedOptional Finishing
22 silly runTopLevelLifecycles Finishing
23 silly install printInstalled
24 verbose stack Error: Command failed: git -c core.longpaths=true clone --template=C:\Users\Administrator\AppData\Roaming\npm-cache\_git-remotes\_templates --mirror https://github.com/tongjinle/marsQuestion.gils.git C:\Users\Administrator\AppData\Roaming\npm-cache\_git-remotes\git-https-github-com-tongjinle-marsQuestion-gils-git-097a17cf
24 verbose stack Cloning into bare repository 'C:\Users\Administrator\AppData\Roaming\npm-cache\_git-remotes\git-https-github-com-tongjinle-marsQuestion-gils-git-097a17cf'...
24 verbose stack remote: Invalid username or password.
24 verbose stack fatal: Authentication failed for 'https://github.com/tongjinle/marsQuestion.gils.git/'
24 verbose stack
24 verbose stack     at ChildProcess.exithandler (child_process.js:206:12)
24 verbose stack     at emitTwo (events.js:106:13)
24 verbose stack     at ChildProcess.emit (events.js:191:7)
24 verbose stack     at maybeClose (internal/child_process.js:877:16)
24 verbose stack     at Socket.<anonymous> (internal/child_process.js:334:11)
24 verbose stack     at emitOne (events.js:96:13)
24 verbose stack     at Socket.emit (events.js:188:7)
24 verbose stack     at Pipe._handle.close [as _onclose] (net.js:498:12)
25 verbose cwd E:\WEB\FFFFF\myProject\teamwork\marsQuestion
26 error Windows_NT 6.1.7601
27 error argv "E:\\WEB\\FFFFF\\nodeJS\\node.exe" "E:\\WEB\\FFFFF\\nodeJS\\node_modules\\npm\\bin\\npm-cli.js" "i" "--registry" "http://registry.cnpmjs.org" "https://github.com/tongjinle/marsQuestion.gils"
28 error node v6.9.1
29 error npm  v3.10.8
30 error code 128
31 error Command failed: git -c core.longpaths=true clone --template=C:\Users\Administrator\AppData\Roaming\npm-cache\_git-remotes\_templates --mirror https://github.com/tongjinle/marsQuestion.gils.git C:\Users\Administrator\AppData\Roaming\npm-cache\_git-remotes\git-https-github-com-tongjinle-marsQuestion-gils-git-097a17cf
31 error Cloning into bare repository 'C:\Users\Administrator\AppData\Roaming\npm-cache\_git-remotes\git-https-github-com-tongjinle-marsQuestion-gils-git-097a17cf'...
31 error remote: Invalid username or password.
31 error fatal: Authentication failed for 'https://github.com/tongjinle/marsQuestion.gils.git/'
32 error If you need help, you may report this error at:
32 error     <https://github.com/npm/npm/issues>
33 verbose exit [ 1, true ]
